2025-10-09 15:37:26,862 - CloudProcess - INFO - Cloud process starting...
2025-10-09 15:37:26,863 - CloudProcess.HWA_Manager - INFO - HWA Manager initialized with weights(sim=1.0, data=0.2)
2025-10-09 15:37:26,863 - CloudProcess.HeuristicCoordinator - INFO - Coordinator initialized in Non-IID mode with dynamic mu.
2025-10-09 15:37:26,863 - CloudProcess.HeuristicCoordinator - INFO - Initial mu = 0.1, Divergence Target = 4.0
2025-10-09 15:37:26,863 - CloudProcess.CloudTimeSyncAgent - INFO - CloudTimeSyncAgent (efficiency-based) initialized for f_g_k decisions.
2025-10-09 15:37:26,951 - CloudProcess.CloudServer - INFO - Cloud model 'resnet18' initialized on cpu
2025-10-09 15:37:26,951 - CloudProcess.CloudServer - INFO - Initialized persistent ADAM optimizer on the cloud for server-side optimization.
2025-10-09 15:37:26,993 - CloudProcess.CloudServer - INFO - Initialized CosineAnnealingLR scheduler for client learning rate over 2 rounds.
2025-10-09 15:37:28,606 - CloudProcess.CloudServer - INFO - CloudServer components initialized.
2025-10-09 15:37:28,620 - CloudProcess.CloudServer - INFO - [Cloud] Listening on 127.0.0.1:9201 for 1 edges...
2025-10-09 15:37:43,297 - CloudProcess.CloudServer - INFO - [Cloud] Handshake successful with Edge 0 from ('127.0.0.1', 58416).
2025-10-09 15:37:43,297 - CloudProcess.CloudServer - INFO - [Cloud] All 1 edges connected.
2025-10-09 15:37:43,297 - CloudProcess.CloudServer - INFO - [Cloud] Starting SFL test process for 2 rounds.
2025-10-09 15:37:43,297 - CloudProcess.CloudServer - INFO - 
[Cloud] === Starting Global Round 1/2 ===
2025-10-09 15:38:27,259 - CloudProcess.CloudServer - INFO - [Cloud][Eval] Round 1 - Test Loss: nan, Accuracy: 0.00%
2025-10-09 15:38:27,260 - CloudProcess.CloudServer - INFO - [Cloud] Current SFL learning rate for clients is 0.005001
2025-10-09 15:38:27,260 - CloudProcess.CloudServer - INFO - [Cloud] Distributing tasks to 1 edges: [0]
2025-10-09 15:39:31,516 - CloudProcess.CloudServer - INFO - Successfully aggregated edge deltas from 1 edges.
2025-10-09 15:39:31,523 - CloudProcess.CloudServer - INFO - [Cloud] Round 1 finished. Time: 108.22s, Test Acc: 0.00%
2025-10-09 15:39:31,524 - CloudProcess.CloudServer - INFO - [Cloud] Broadcasting 'ROUND_COMPLETE' signal to all edges...
2025-10-09 15:39:31,524 - CloudProcess.CloudServer - INFO - 
[Cloud] === Starting Global Round 2/2 ===
2025-10-09 15:40:14,468 - CloudProcess.CloudServer - INFO - [Cloud][Eval] Round 2 - Test Loss: 4.8117, Accuracy: 0.00%
2025-10-09 15:40:14,469 - CloudProcess.CloudServer - INFO - [Cloud] Current SFL learning rate for clients is 0.000001
2025-10-09 15:40:14,469 - CloudProcess.CloudServer - INFO - [Cloud] Distributing tasks to 1 edges: [0]
2025-10-09 15:41:21,232 - CloudProcess.CloudServer - INFO - Successfully aggregated edge deltas from 1 edges.
2025-10-09 15:41:21,241 - CloudProcess.CloudServer - INFO - [Cloud] Round 2 finished. Time: 109.72s, Test Acc: 0.00%
2025-10-09 15:41:21,241 - CloudProcess.CloudServer - INFO - [Cloud] Broadcasting 'ROUND_COMPLETE' signal to all edges...
2025-10-09 15:41:21,242 - CloudProcess.CloudServer - INFO - [Cloud] Global training loop finished.
2025-10-09 15:41:21,242 - CloudProcess.CloudServer - INFO - Shutting down Cloud Server...
2025-10-09 15:41:21,242 - CloudProcess.CloudServer - INFO - [Cloud] Broadcasting stop signal to all edges.
2025-10-09 15:41:22,244 - CloudProcess - INFO - Cloud process finished its run successfully.
2025-10-09 15:41:22,245 - CloudProcess - INFO - Cloud process terminating.
