2025-10-09 16:29:39,683 - EdgeServer-0 - INFO - Intelligent Edge Server process 0 starting...
2025-10-09 16:29:41,254 - EdgeServer-0 - INFO - Created a local validation set with 5000 samples for reward calculation.
2025-10-09 16:29:41,389 - EdgeServer-0 - INFO - Instance for Edge Server 0 initialized in 'FedAvg_Baseline' test mode.
2025-10-09 16:29:41,389 - EdgeServer-0 - INFO - Edge Server 0 is ready and waiting at the barrier.
2025-10-09 16:29:41,389 - EdgeServer-0 - INFO - Edge Server 0 passed the barrier, starting test execution.
2025-10-09 16:29:41,389 - EdgeServer-0 - INFO - Edge 0: Successfully connected to Cloud at 127.0.0.1:9202
2025-10-09 16:29:41,390 - EdgeServer-0 - INFO - Edge server 0 is now listening on 127.0.0.1:8200 for the 0 round.
2025-10-09 16:29:41,390 - EdgeServer-0 - INFO - Edge 0: [Persistent Connection Phase] Accepting connections for the entire episode...
2025-10-09 16:29:41,390 - EdgeServer-0 - INFO - Waiting for all 2 assigned clients to connect (timeout: 120s)...
2025-10-09 16:29:43,912 - EdgeServer-0 - INFO - Connection window closed. Waiting for 2 handshake threads to complete...
2025-10-09 16:29:44,143 - EdgeServer-0 - INFO - Edge server 0 is closing its main listening socket.
2025-10-09 16:29:44,144 - EdgeServer-0 - INFO - All 2 clients are now persistently connected.
2025-10-09 16:29:44,144 - EdgeServer-0 - INFO - 
[Edge 0] === Starting Global Round [1/10] ===
2025-10-09 16:30:44,675 - EdgeServer-0 - INFO - Edge 0: Evaluated baseline on validation set. Loss: 2.4610
2025-10-09 16:30:44,675 - EdgeServer-0 - INFO - Edge 0: Starting SFL phase for GR 1, budget f_g_k=1
2025-10-09 16:30:44,675 - EdgeServer-0 - INFO - Requesting status updates from all connected clients...
2025-10-09 16:30:44,684 - EdgeServer-0 - INFO - Finished collecting status updates from clients.
2025-10-09 16:30:44,684 - EdgeServer-0 - INFO - Mapped clients to agent slots: [1, 0, None, None, None]
2025-10-09 16:31:48,624 - EdgeServer-0 - INFO - [Aggregate] Performing FedAvg aggregation for model deltas.
2025-10-09 16:31:48,671 - EdgeServer-0 - INFO - Successfully aggregated 2 model deltas using FedAvg.
2025-10-09 16:31:48,671 - EdgeServer-0 - INFO - Applying aggregated delta to the initial model to form the final updated model for evaluation.
2025-10-09 16:31:48,679 - EdgeServer-0 - INFO - Edge interaction phase completed for GR 1.
2025-10-09 16:32:10,427 - EdgeServer-0 - INFO - Edge 0: Evaluated on validation set. Loss: 2.4610, Accuracy: 9.90%
2025-10-09 16:32:10,427 - EdgeServer-0 - INFO - [Step]: 1 [Reward] Final: 5050.0000 (Velo: 4950.00, Bonus: 100.00, LossRwd: 0.0000, AccPenalty: -0.00, TimePenalty: -0.0000, CostPenalty: -0.0000) | Loss: 2.4610 | Acc: 9.90% (Best: 9.90%)
2025-10-09 16:32:10,427 - EdgeServer-0 - INFO - MAPPO reward for this round: 5050.0000
2025-10-09 16:32:10,428 - EdgeServer-0 - INFO - Aggregated KPIs from 2 clients for this round.
2025-10-09 16:32:10,506 - EdgeServer-0 - INFO - Edge 0: Final report sent to cloud.
2025-10-09 16:32:10,506 - EdgeServer-0 - INFO - Edge 0: Waiting for 'ROUND_COMPLETE' signal from cloud...
2025-10-09 16:32:10,626 - EdgeServer-0 - INFO - 
[Edge 0] === Starting Global Round [2/10] ===
2025-10-09 16:33:14,604 - EdgeServer-0 - INFO - Edge 0: Evaluated baseline on validation set. Loss: 2.4610
2025-10-09 16:33:14,605 - EdgeServer-0 - INFO - Edge 0: Starting SFL phase for GR 2, budget f_g_k=1
2025-10-09 16:33:14,605 - EdgeServer-0 - INFO - Requesting status updates from all connected clients...
2025-10-09 16:33:14,666 - EdgeServer-0 - INFO - Finished collecting status updates from clients.
2025-10-09 16:33:14,666 - EdgeServer-0 - INFO - Mapped clients to agent slots: [1, 0, None, None, None]
2025-10-09 16:34:16,716 - EdgeServer-0 - INFO - [Aggregate] Performing FedAvg aggregation for model deltas.
2025-10-09 16:34:16,752 - EdgeServer-0 - INFO - Successfully aggregated 2 model deltas using FedAvg.
2025-10-09 16:34:16,752 - EdgeServer-0 - INFO - Applying aggregated delta to the initial model to form the final updated model for evaluation.
2025-10-09 16:34:16,759 - EdgeServer-0 - INFO - Edge interaction phase completed for GR 2.
2025-10-09 16:34:38,556 - EdgeServer-0 - INFO - Edge 0: Evaluated on validation set. Loss: 2.4610, Accuracy: 9.90%
2025-10-09 16:34:38,557 - EdgeServer-0 - INFO - [Step]: 2 [Reward] Final: 0.0000 (Velo: 0.00, Bonus: 0.00, LossRwd: 0.0000, AccPenalty: -0.00, TimePenalty: -0.0000, CostPenalty: -0.0000) | Loss: 2.4610 | Acc: 9.90% (Best: 9.90%)
2025-10-09 16:34:38,557 - EdgeServer-0 - INFO - MAPPO reward for this round: 0.0000
2025-10-09 16:34:38,558 - EdgeServer-0 - INFO - Aggregated KPIs from 2 clients for this round.
2025-10-09 16:34:38,617 - EdgeServer-0 - INFO - Edge 0: Final report sent to cloud.
2025-10-09 16:34:38,617 - EdgeServer-0 - INFO - Edge 0: Waiting for 'ROUND_COMPLETE' signal from cloud...
2025-10-09 16:34:38,722 - EdgeServer-0 - INFO - 
[Edge 0] === Starting Global Round [3/10] ===
2025-10-09 16:35:42,085 - EdgeServer-0 - INFO - Edge 0: Evaluated baseline on validation set. Loss: 2.4610
2025-10-09 16:35:42,085 - EdgeServer-0 - INFO - Edge 0: Starting SFL phase for GR 3, budget f_g_k=1
2025-10-09 16:35:42,085 - EdgeServer-0 - INFO - Requesting status updates from all connected clients...
2025-10-09 16:35:42,143 - EdgeServer-0 - INFO - Finished collecting status updates from clients.
2025-10-09 16:35:42,143 - EdgeServer-0 - INFO - Mapped clients to agent slots: [1, 0, None, None, None]
2025-10-09 16:36:43,328 - EdgeServer-0 - INFO - [Aggregate] Performing FedAvg aggregation for model deltas.
2025-10-09 16:36:43,366 - EdgeServer-0 - INFO - Successfully aggregated 2 model deltas using FedAvg.
2025-10-09 16:36:43,367 - EdgeServer-0 - INFO - Applying aggregated delta to the initial model to form the final updated model for evaluation.
2025-10-09 16:36:43,374 - EdgeServer-0 - INFO - Edge interaction phase completed for GR 3.
2025-10-09 16:37:05,219 - EdgeServer-0 - INFO - Edge 0: Evaluated on validation set. Loss: 2.4610, Accuracy: 9.90%
2025-10-09 16:37:05,219 - EdgeServer-0 - INFO - [Step]: 3 [Reward] Final: 0.0000 (Velo: 0.00, Bonus: 0.00, LossRwd: 0.0000, AccPenalty: -0.00, TimePenalty: -0.0000, CostPenalty: -0.0000) | Loss: 2.4610 | Acc: 9.90% (Best: 9.90%)
2025-10-09 16:37:05,219 - EdgeServer-0 - INFO - MAPPO reward for this round: 0.0000
2025-10-09 16:37:05,219 - EdgeServer-0 - INFO - Aggregated KPIs from 2 clients for this round.
2025-10-09 16:37:05,269 - EdgeServer-0 - INFO - Edge 0: Final report sent to cloud.
2025-10-09 16:37:05,270 - EdgeServer-0 - INFO - Edge 0: Waiting for 'ROUND_COMPLETE' signal from cloud...
2025-10-09 16:37:05,372 - EdgeServer-0 - INFO - 
[Edge 0] === Starting Global Round [4/10] ===
2025-10-09 16:38:08,676 - EdgeServer-0 - INFO - Edge 0: Evaluated baseline on validation set. Loss: 2.4610
2025-10-09 16:38:08,676 - EdgeServer-0 - INFO - Edge 0: Starting SFL phase for GR 4, budget f_g_k=1
2025-10-09 16:38:08,676 - EdgeServer-0 - INFO - Requesting status updates from all connected clients...
2025-10-09 16:38:08,743 - EdgeServer-0 - INFO - Finished collecting status updates from clients.
2025-10-09 16:38:08,744 - EdgeServer-0 - INFO - Mapped clients to agent slots: [1, 0, None, None, None]
2025-10-09 16:39:11,706 - EdgeServer-0 - INFO - [Aggregate] Performing FedAvg aggregation for model deltas.
2025-10-09 16:39:11,742 - EdgeServer-0 - INFO - Successfully aggregated 2 model deltas using FedAvg.
2025-10-09 16:39:11,743 - EdgeServer-0 - INFO - Applying aggregated delta to the initial model to form the final updated model for evaluation.
2025-10-09 16:39:11,749 - EdgeServer-0 - INFO - Edge interaction phase completed for GR 4.
2025-10-09 16:39:33,483 - EdgeServer-0 - INFO - Edge 0: Evaluated on validation set. Loss: 2.4610, Accuracy: 9.90%
2025-10-09 16:39:33,484 - EdgeServer-0 - INFO - [Step]: 4 [Reward] Final: 0.0000 (Velo: 0.00, Bonus: 0.00, LossRwd: 0.0000, AccPenalty: -0.00, TimePenalty: -0.0000, CostPenalty: -0.0000) | Loss: 2.4610 | Acc: 9.90% (Best: 9.90%)
2025-10-09 16:39:33,484 - EdgeServer-0 - INFO - MAPPO reward for this round: 0.0000
2025-10-09 16:39:33,484 - EdgeServer-0 - INFO - Aggregated KPIs from 2 clients for this round.
2025-10-09 16:39:33,536 - EdgeServer-0 - INFO - Edge 0: Final report sent to cloud.
2025-10-09 16:39:33,536 - EdgeServer-0 - INFO - Edge 0: Waiting for 'ROUND_COMPLETE' signal from cloud...
2025-10-09 16:39:33,635 - EdgeServer-0 - INFO - 
[Edge 0] === Starting Global Round [5/10] ===
2025-10-09 16:40:38,602 - EdgeServer-0 - INFO - Edge 0: Evaluated baseline on validation set. Loss: 2.4610
2025-10-09 16:40:38,602 - EdgeServer-0 - INFO - Edge 0: Starting SFL phase for GR 5, budget f_g_k=1
2025-10-09 16:40:38,602 - EdgeServer-0 - INFO - Requesting status updates from all connected clients...
2025-10-09 16:40:38,669 - EdgeServer-0 - INFO - Finished collecting status updates from clients.
2025-10-09 16:40:38,669 - EdgeServer-0 - INFO - Mapped clients to agent slots: [1, 0, None, None, None]
2025-10-09 16:41:46,408 - EdgeServer-0 - INFO - [Aggregate] Performing FedAvg aggregation for model deltas.
2025-10-09 16:41:46,444 - EdgeServer-0 - INFO - Successfully aggregated 2 model deltas using FedAvg.
2025-10-09 16:41:46,444 - EdgeServer-0 - INFO - Applying aggregated delta to the initial model to form the final updated model for evaluation.
2025-10-09 16:41:46,451 - EdgeServer-0 - INFO - Edge interaction phase completed for GR 5.
2025-10-09 16:42:08,232 - EdgeServer-0 - INFO - Edge 0: Evaluated on validation set. Loss: 2.4610, Accuracy: 9.90%
2025-10-09 16:42:08,232 - EdgeServer-0 - INFO - [Step]: 5 [Reward] Final: 0.0000 (Velo: 0.00, Bonus: 0.00, LossRwd: 0.0000, AccPenalty: -0.00, TimePenalty: -0.0000, CostPenalty: -0.0000) | Loss: 2.4610 | Acc: 9.90% (Best: 9.90%)
2025-10-09 16:42:08,232 - EdgeServer-0 - INFO - MAPPO reward for this round: 0.0000
2025-10-09 16:42:08,232 - EdgeServer-0 - INFO - Aggregated KPIs from 2 clients for this round.
2025-10-09 16:42:08,282 - EdgeServer-0 - INFO - Edge 0: Final report sent to cloud.
2025-10-09 16:42:08,282 - EdgeServer-0 - INFO - Edge 0: Waiting for 'ROUND_COMPLETE' signal from cloud...
2025-10-09 16:42:08,395 - EdgeServer-0 - INFO - 
[Edge 0] === Starting Global Round [6/10] ===
2025-10-09 16:43:11,369 - EdgeServer-0 - INFO - Edge 0: Evaluated baseline on validation set. Loss: 2.4610
2025-10-09 16:43:11,369 - EdgeServer-0 - INFO - Edge 0: Starting SFL phase for GR 6, budget f_g_k=1
2025-10-09 16:43:11,369 - EdgeServer-0 - INFO - Requesting status updates from all connected clients...
2025-10-09 16:43:11,431 - EdgeServer-0 - INFO - Finished collecting status updates from clients.
2025-10-09 16:43:11,432 - EdgeServer-0 - INFO - Mapped clients to agent slots: [1, 0, None, None, None]
2025-10-09 16:44:15,724 - EdgeServer-0 - INFO - [Aggregate] Performing FedAvg aggregation for model deltas.
2025-10-09 16:44:15,761 - EdgeServer-0 - INFO - Successfully aggregated 2 model deltas using FedAvg.
2025-10-09 16:44:15,761 - EdgeServer-0 - INFO - Applying aggregated delta to the initial model to form the final updated model for evaluation.
2025-10-09 16:44:15,768 - EdgeServer-0 - INFO - Edge interaction phase completed for GR 6.
2025-10-09 16:44:37,852 - EdgeServer-0 - INFO - Edge 0: Evaluated on validation set. Loss: 2.4610, Accuracy: 9.90%
2025-10-09 16:44:37,853 - EdgeServer-0 - INFO - [Step]: 6 [Reward] Final: 0.0000 (Velo: 0.00, Bonus: 0.00, LossRwd: 0.0000, AccPenalty: -0.00, TimePenalty: -0.0000, CostPenalty: -0.0000) | Loss: 2.4610 | Acc: 9.90% (Best: 9.90%)
2025-10-09 16:44:37,853 - EdgeServer-0 - INFO - MAPPO reward for this round: 0.0000
2025-10-09 16:44:37,853 - EdgeServer-0 - INFO - Aggregated KPIs from 2 clients for this round.
2025-10-09 16:44:37,904 - EdgeServer-0 - INFO - Edge 0: Final report sent to cloud.
2025-10-09 16:44:37,905 - EdgeServer-0 - INFO - Edge 0: Waiting for 'ROUND_COMPLETE' signal from cloud...
2025-10-09 16:44:38,004 - EdgeServer-0 - INFO - 
[Edge 0] === Starting Global Round [7/10] ===
2025-10-09 16:45:42,221 - EdgeServer-0 - INFO - Edge 0: Evaluated baseline on validation set. Loss: 2.4610
2025-10-09 16:45:42,221 - EdgeServer-0 - INFO - Edge 0: Starting SFL phase for GR 7, budget f_g_k=1
2025-10-09 16:45:42,221 - EdgeServer-0 - INFO - Requesting status updates from all connected clients...
2025-10-09 16:45:42,295 - EdgeServer-0 - INFO - Finished collecting status updates from clients.
2025-10-09 16:45:42,295 - EdgeServer-0 - INFO - Mapped clients to agent slots: [1, 0, None, None, None]
2025-10-09 16:46:46,856 - EdgeServer-0 - INFO - [Aggregate] Performing FedAvg aggregation for model deltas.
2025-10-09 16:46:46,894 - EdgeServer-0 - INFO - Successfully aggregated 2 model deltas using FedAvg.
2025-10-09 16:46:46,894 - EdgeServer-0 - INFO - Applying aggregated delta to the initial model to form the final updated model for evaluation.
2025-10-09 16:46:46,901 - EdgeServer-0 - INFO - Edge interaction phase completed for GR 7.
2025-10-09 16:47:09,069 - EdgeServer-0 - INFO - Edge 0: Evaluated on validation set. Loss: 2.4610, Accuracy: 9.90%
2025-10-09 16:47:09,069 - EdgeServer-0 - INFO - [Step]: 7 [Reward] Final: 0.0000 (Velo: 0.00, Bonus: 0.00, LossRwd: 0.0000, AccPenalty: -0.00, TimePenalty: -0.0000, CostPenalty: -0.0000) | Loss: 2.4610 | Acc: 9.90% (Best: 9.90%)
2025-10-09 16:47:09,069 - EdgeServer-0 - INFO - MAPPO reward for this round: 0.0000
2025-10-09 16:47:09,070 - EdgeServer-0 - INFO - Aggregated KPIs from 2 clients for this round.
2025-10-09 16:47:09,133 - EdgeServer-0 - INFO - Edge 0: Final report sent to cloud.
2025-10-09 16:47:09,133 - EdgeServer-0 - INFO - Edge 0: Waiting for 'ROUND_COMPLETE' signal from cloud...
2025-10-09 16:47:09,224 - EdgeServer-0 - INFO - 
[Edge 0] === Starting Global Round [8/10] ===
2025-10-09 16:48:12,249 - EdgeServer-0 - INFO - Edge 0: Evaluated baseline on validation set. Loss: 2.4610
2025-10-09 16:48:12,249 - EdgeServer-0 - INFO - Edge 0: Starting SFL phase for GR 8, budget f_g_k=1
2025-10-09 16:48:12,250 - EdgeServer-0 - INFO - Requesting status updates from all connected clients...
2025-10-09 16:48:12,306 - EdgeServer-0 - INFO - Finished collecting status updates from clients.
2025-10-09 16:48:12,306 - EdgeServer-0 - INFO - Mapped clients to agent slots: [0, 1, None, None, None]
2025-10-09 16:49:14,320 - EdgeServer-0 - INFO - [Aggregate] Performing FedAvg aggregation for model deltas.
2025-10-09 16:49:14,357 - EdgeServer-0 - INFO - Successfully aggregated 2 model deltas using FedAvg.
2025-10-09 16:49:14,357 - EdgeServer-0 - INFO - Applying aggregated delta to the initial model to form the final updated model for evaluation.
2025-10-09 16:49:14,364 - EdgeServer-0 - INFO - Edge interaction phase completed for GR 8.
2025-10-09 16:49:35,913 - EdgeServer-0 - INFO - Edge 0: Evaluated on validation set. Loss: 2.4610, Accuracy: 9.90%
2025-10-09 16:49:35,913 - EdgeServer-0 - INFO - [Step]: 8 [Reward] Final: 0.0000 (Velo: 0.00, Bonus: 0.00, LossRwd: 0.0000, AccPenalty: -0.00, TimePenalty: -0.0000, CostPenalty: -0.0000) | Loss: 2.4610 | Acc: 9.90% (Best: 9.90%)
2025-10-09 16:49:35,913 - EdgeServer-0 - INFO - MAPPO reward for this round: 0.0000
2025-10-09 16:49:35,914 - EdgeServer-0 - INFO - Aggregated KPIs from 2 clients for this round.
2025-10-09 16:49:35,964 - EdgeServer-0 - INFO - Edge 0: Final report sent to cloud.
2025-10-09 16:49:35,964 - EdgeServer-0 - INFO - Edge 0: Waiting for 'ROUND_COMPLETE' signal from cloud...
2025-10-09 16:49:36,081 - EdgeServer-0 - INFO - 
[Edge 0] === Starting Global Round [9/10] ===
2025-10-09 16:50:38,745 - EdgeServer-0 - INFO - Edge 0: Evaluated baseline on validation set. Loss: 2.4610
2025-10-09 16:50:38,745 - EdgeServer-0 - INFO - Edge 0: Starting SFL phase for GR 9, budget f_g_k=1
2025-10-09 16:50:38,745 - EdgeServer-0 - INFO - Requesting status updates from all connected clients...
2025-10-09 16:50:38,808 - EdgeServer-0 - INFO - Finished collecting status updates from clients.
2025-10-09 16:50:38,809 - EdgeServer-0 - INFO - Mapped clients to agent slots: [1, 0, None, None, None]
2025-10-09 16:51:52,582 - EdgeServer-0 - INFO - [Aggregate] Performing FedAvg aggregation for model deltas.
2025-10-09 16:51:52,636 - EdgeServer-0 - INFO - Successfully aggregated 2 model deltas using FedAvg.
2025-10-09 16:51:52,636 - EdgeServer-0 - INFO - Applying aggregated delta to the initial model to form the final updated model for evaluation.
2025-10-09 16:51:52,647 - EdgeServer-0 - INFO - Edge interaction phase completed for GR 9.
2025-10-09 16:52:15,143 - EdgeServer-0 - INFO - Edge 0: Evaluated on validation set. Loss: 2.4610, Accuracy: 9.90%
2025-10-09 16:52:15,144 - EdgeServer-0 - INFO - [Step]: 9 [Reward] Final: 0.0000 (Velo: 0.00, Bonus: 0.00, LossRwd: 0.0000, AccPenalty: -0.00, TimePenalty: -0.0000, CostPenalty: -0.0000) | Loss: 2.4610 | Acc: 9.90% (Best: 9.90%)
2025-10-09 16:52:15,144 - EdgeServer-0 - INFO - MAPPO reward for this round: 0.0000
2025-10-09 16:52:15,144 - EdgeServer-0 - INFO - Aggregated KPIs from 2 clients for this round.
2025-10-09 16:52:15,221 - EdgeServer-0 - INFO - Edge 0: Final report sent to cloud.
2025-10-09 16:52:15,222 - EdgeServer-0 - INFO - Edge 0: Waiting for 'ROUND_COMPLETE' signal from cloud...
2025-10-09 16:52:15,350 - EdgeServer-0 - INFO - 
[Edge 0] === Starting Global Round [10/10] ===
2025-10-09 16:53:17,806 - EdgeServer-0 - INFO - Edge 0: Evaluated baseline on validation set. Loss: 2.4610
2025-10-09 16:53:17,806 - EdgeServer-0 - INFO - Edge 0: Starting SFL phase for GR 10, budget f_g_k=1
2025-10-09 16:53:17,806 - EdgeServer-0 - INFO - Requesting status updates from all connected clients...
2025-10-09 16:53:17,874 - EdgeServer-0 - INFO - Finished collecting status updates from clients.
2025-10-09 16:53:17,874 - EdgeServer-0 - INFO - Mapped clients to agent slots: [0, 1, None, None, None]
2025-10-09 16:54:27,689 - EdgeServer-0 - INFO - [Aggregate] Performing FedAvg aggregation for model deltas.
2025-10-09 16:54:27,730 - EdgeServer-0 - INFO - Successfully aggregated 2 model deltas using FedAvg.
2025-10-09 16:54:27,730 - EdgeServer-0 - INFO - Applying aggregated delta to the initial model to form the final updated model for evaluation.
2025-10-09 16:54:27,737 - EdgeServer-0 - INFO - Edge interaction phase completed for GR 10.
2025-10-09 16:54:46,270 - EdgeServer-0 - INFO - Edge 0: Evaluated on validation set. Loss: 2.4610, Accuracy: 9.90%
2025-10-09 16:54:46,270 - EdgeServer-0 - INFO - [Step]: 10 [Reward] Final: 0.0000 (Velo: 0.00, Bonus: 0.00, LossRwd: 0.0000, AccPenalty: -0.00, TimePenalty: -0.0000, CostPenalty: -0.0000) | Loss: 2.4610 | Acc: 9.90% (Best: 9.90%)
2025-10-09 16:54:46,270 - EdgeServer-0 - INFO - MAPPO reward for this round: 0.0000
2025-10-09 16:54:46,270 - EdgeServer-0 - INFO - Aggregated KPIs from 2 clients for this round.
2025-10-09 16:54:46,320 - EdgeServer-0 - INFO - Edge 0: Final report sent to cloud.
2025-10-09 16:54:46,320 - EdgeServer-0 - INFO - Edge 0: Waiting for 'ROUND_COMPLETE' signal from cloud...
2025-10-09 16:54:46,456 - EdgeServer-0 - INFO - --- Edge 0 completed all 10 test rounds ---
2025-10-09 16:54:46,456 - EdgeServer-0 - INFO - Shutting down server for Edge 0...
2025-10-09 16:54:46,456 - EdgeServer-0 - INFO - Edge 0: Disconnecting all (2) clients to signal end of round.
2025-10-09 16:54:46,456 - EdgeServer-0 - INFO - Server for Edge 0 has been shut down.
2025-10-09 16:54:46,456 - EdgeServer-0 - INFO - Edge Server process 0 is terminating.
