2025-10-09 16:08:55,176 - Client_0 - INFO - Client 0 initialized as a 'medium' quality client, assigned to Edge 0 on cpu.
2025-10-09 16:08:55,176 - Client_0 - INFO - Client 0 is ready and waiting at the barrier.
2025-10-09 16:09:08,057 - Client_0 - INFO - Client 0 passed the barrier, starting main loop.
2025-10-09 16:09:08,057 - Client_0 - INFO - Client 0 process started. Attempting persistent connection to Edge 0.
2025-10-09 16:09:08,587 - Client_0 - INFO - Dataset reference not found, loading dataset locally...
2025-10-09 16:09:10,585 - Client_0 - INFO - Persistent connection established with ('127.0.0.1', 8100). Standing by for tasks for the entire episode.
2025-10-09 16:10:13,355 - Client_0 - INFO - Received task for GR 1 in FEDAVG mode after 0.19s of idle time.
2025-10-09 16:10:13,356 - Client_0 - INFO - ==> Starting FedAvg interaction for GR 1. <==
2025-10-09 16:10:13,433 - Client_0 - INFO - Creating new SGD optimizer for FedAvg with LR: 0.010000
2025-10-09 16:10:13,434 - Client_0 - INFO - Starting local training for 48 batches...
2025-10-09 16:10:51,403 - Client_0 - INFO - FedAvg model delta and KPIs successfully uploaded.
2025-10-09 16:12:19,564 - Client_0 - INFO - Received task for GR 2 in FEDAVG mode after 0.16s of idle time.
2025-10-09 16:12:19,564 - Client_0 - INFO - ==> Starting FedAvg interaction for GR 2. <==
2025-10-09 16:12:19,624 - Client_0 - INFO - Creating new SGD optimizer for FedAvg with LR: 0.010000
2025-10-09 16:12:19,625 - Client_0 - INFO - Starting local training for 48 batches...
2025-10-09 16:12:52,740 - Client_0 - INFO - FedAvg model delta and KPIs successfully uploaded.
2025-10-09 16:14:20,099 - Client_0 - INFO - Received task for GR 3 in FEDAVG mode after 0.15s of idle time.
2025-10-09 16:14:20,099 - Client_0 - INFO - ==> Starting FedAvg interaction for GR 3. <==
2025-10-09 16:14:20,162 - Client_0 - INFO - Creating new SGD optimizer for FedAvg with LR: 0.010000
2025-10-09 16:14:20,162 - Client_0 - INFO - Starting local training for 48 batches...
2025-10-09 16:14:52,623 - Client_0 - INFO - FedAvg model delta and KPIs successfully uploaded.
2025-10-09 16:16:25,262 - Client_0 - INFO - Received task for GR 4 in FEDAVG mode after 0.16s of idle time.
2025-10-09 16:16:25,262 - Client_0 - INFO - ==> Starting FedAvg interaction for GR 4. <==
2025-10-09 16:16:25,322 - Client_0 - INFO - Creating new SGD optimizer for FedAvg with LR: 0.010000
2025-10-09 16:16:25,323 - Client_0 - INFO - Starting local training for 48 batches...
2025-10-09 16:17:00,919 - Client_0 - INFO - FedAvg model delta and KPIs successfully uploaded.
2025-10-09 16:18:30,746 - Client_0 - INFO - Received task for GR 5 in FEDAVG mode after 0.16s of idle time.
2025-10-09 16:18:30,746 - Client_0 - INFO - ==> Starting FedAvg interaction for GR 5. <==
2025-10-09 16:18:30,808 - Client_0 - INFO - Creating new SGD optimizer for FedAvg with LR: 0.010000
2025-10-09 16:18:30,809 - Client_0 - INFO - Starting local training for 48 batches...
2025-10-09 16:19:03,436 - Client_0 - INFO - FedAvg model delta and KPIs successfully uploaded.
2025-10-09 16:19:26,431 - Client_0 - WARNING - Connection with ('127.0.0.1', 8100) seems to be closed (received empty header).
2025-10-09 16:19:26,432 - Client_0 - INFO - Connection gracefully closed by server, likely end of experiment. Client is shutting down.
2025-10-09 16:19:26,432 - Client_0 - INFO - Client 0 process has terminated.
2025-10-09 16:19:26,432 - Client_0 - INFO - Client process 0 terminating.
