2025-10-09 16:08:52,025 - CloudProcess - INFO - Cloud process starting...
2025-10-09 16:08:52,026 - CloudProcess.HWA_Manager - INFO - HWA Manager initialized with weights(sim=1.0, data=0.2)
2025-10-09 16:08:52,026 - CloudProcess.HeuristicCoordinator - INFO - Coordinator initialized in Non-IID mode with dynamic mu.
2025-10-09 16:08:52,026 - CloudProcess.HeuristicCoordinator - INFO - Initial mu = 0.1, Divergence Target = 4.0
2025-10-09 16:08:52,026 - CloudProcess.CloudTimeSyncAgent - INFO - CloudTimeSyncAgent (efficiency-based) initialized for f_g_k decisions.
2025-10-09 16:08:52,107 - CloudProcess.CloudServer - INFO - Cloud model 'resnet18' initialized on cpu
2025-10-09 16:08:52,108 - CloudProcess.CloudServer - INFO - Initialized persistent ADAM optimizer on the cloud for server-side optimization.
2025-10-09 16:08:52,122 - CloudProcess.CloudServer - INFO - Initialized CosineAnnealingLR scheduler for client learning rate over 5 rounds.
2025-10-09 16:08:53,685 - CloudProcess.CloudServer - INFO - CloudServer components initialized.
2025-10-09 16:08:53,693 - CloudProcess.CloudServer - INFO - [Cloud] Listening on 127.0.0.1:9201 for 1 edges...
2025-10-09 16:09:08,058 - CloudProcess.CloudServer - INFO - [Cloud] Handshake successful with Edge 0 from ('127.0.0.1', 64101).
2025-10-09 16:09:08,058 - CloudProcess.CloudServer - INFO - [Cloud] All 1 edges connected.
2025-10-09 16:09:08,058 - CloudProcess.CloudServer - INFO - [Cloud] Starting SFL test process for 5 rounds.
2025-10-09 16:09:08,058 - CloudProcess.CloudServer - INFO - 
[Cloud] === Starting Global Round 1/5 ===
2025-10-09 16:09:50,762 - CloudProcess.CloudServer - INFO - [Cloud][Eval] Round 1 - Test Loss: 2.5410, Accuracy: 10.00%
2025-10-09 16:09:50,764 - CloudProcess.CloudServer - INFO - [Cloud] Current SFL learning rate for clients is 0.009045
2025-10-09 16:09:50,764 - CloudProcess.CloudServer - INFO - [Cloud] Distributing tasks to 1 edges: [0]
2025-10-09 16:11:14,328 - CloudProcess.CloudServer - INFO - Successfully aggregated edge deltas from 1 edges.
2025-10-09 16:11:14,334 - CloudProcess.CloudServer - INFO - [Cloud] Round 1 finished. Time: 126.28s, Test Acc: 10.00%
2025-10-09 16:11:14,334 - CloudProcess.CloudServer - INFO - [Cloud] Broadcasting 'ROUND_COMPLETE' signal to all edges...
2025-10-09 16:11:14,334 - CloudProcess.CloudServer - INFO - 
[Cloud] === Starting Global Round 2/5 ===
2025-10-09 16:11:57,060 - CloudProcess.CloudServer - INFO - [Cloud][Eval] Round 2 - Test Loss: 2.5410, Accuracy: 10.00%
2025-10-09 16:11:57,060 - CloudProcess.CloudServer - INFO - [Cloud] Current SFL learning rate for clients is 0.006545
2025-10-09 16:11:57,060 - CloudProcess.CloudServer - INFO - [Cloud] Distributing tasks to 1 edges: [0]
2025-10-09 16:13:15,303 - CloudProcess.CloudServer - INFO - Successfully aggregated edge deltas from 1 edges.
2025-10-09 16:13:15,310 - CloudProcess.CloudServer - INFO - [Cloud] Round 2 finished. Time: 120.97s, Test Acc: 10.00%
2025-10-09 16:13:15,310 - CloudProcess.CloudServer - INFO - [Cloud] Broadcasting 'ROUND_COMPLETE' signal to all edges...
2025-10-09 16:13:15,310 - CloudProcess.CloudServer - INFO - 
[Cloud] === Starting Global Round 3/5 ===
2025-10-09 16:13:57,110 - CloudProcess.CloudServer - INFO - [Cloud][Eval] Round 3 - Test Loss: 2.5410, Accuracy: 10.00%
2025-10-09 16:13:57,111 - CloudProcess.CloudServer - INFO - [Cloud] Current SFL learning rate for clients is 0.003456
2025-10-09 16:13:57,111 - CloudProcess.CloudServer - INFO - [Cloud] Distributing tasks to 1 edges: [0]
2025-10-09 16:15:15,180 - CloudProcess.CloudServer - INFO - Successfully aggregated edge deltas from 1 edges.
2025-10-09 16:15:15,187 - CloudProcess.CloudServer - INFO - [Cloud] Round 3 finished. Time: 119.88s, Test Acc: 10.00%
2025-10-09 16:15:15,187 - CloudProcess.CloudServer - INFO - [Cloud] Broadcasting 'ROUND_COMPLETE' signal to all edges...
2025-10-09 16:15:15,188 - CloudProcess.CloudServer - INFO - 
[Cloud] === Starting Global Round 4/5 ===
2025-10-09 16:15:58,409 - CloudProcess.CloudServer - INFO - [Cloud][Eval] Round 4 - Test Loss: 2.5410, Accuracy: 10.00%
2025-10-09 16:15:58,409 - CloudProcess.CloudServer - INFO - [Cloud] Current SFL learning rate for clients is 0.000956
2025-10-09 16:15:58,409 - CloudProcess.CloudServer - INFO - [Cloud] Distributing tasks to 1 edges: [0]
2025-10-09 16:17:24,525 - CloudProcess.CloudServer - INFO - Successfully aggregated edge deltas from 1 edges.
2025-10-09 16:17:24,532 - CloudProcess.CloudServer - INFO - [Cloud] Round 4 finished. Time: 129.34s, Test Acc: 10.00%
2025-10-09 16:17:24,532 - CloudProcess.CloudServer - INFO - [Cloud] Broadcasting 'ROUND_COMPLETE' signal to all edges...
2025-10-09 16:17:24,532 - CloudProcess.CloudServer - INFO - 
[Cloud] === Starting Global Round 5/5 ===
2025-10-09 16:18:07,649 - CloudProcess.CloudServer - INFO - [Cloud][Eval] Round 5 - Test Loss: 2.5410, Accuracy: 10.00%
2025-10-09 16:18:07,649 - CloudProcess.CloudServer - INFO - [Cloud] Current SFL learning rate for clients is 0.000001
2025-10-09 16:18:07,649 - CloudProcess.CloudServer - INFO - [Cloud] Distributing tasks to 1 edges: [0]
2025-10-09 16:19:26,423 - CloudProcess.CloudServer - INFO - Successfully aggregated edge deltas from 1 edges.
2025-10-09 16:19:26,430 - CloudProcess.CloudServer - INFO - [Cloud] Round 5 finished. Time: 121.90s, Test Acc: 10.00%
2025-10-09 16:19:26,430 - CloudProcess.CloudServer - INFO - [Cloud] Broadcasting 'ROUND_COMPLETE' signal to all edges...
2025-10-09 16:19:26,431 - CloudProcess.CloudServer - INFO - [Cloud] Global training loop finished.
2025-10-09 16:19:26,431 - CloudProcess.CloudServer - INFO - Shutting down Cloud Server...
2025-10-09 16:19:26,431 - CloudProcess.CloudServer - INFO - [Cloud] Broadcasting stop signal to all edges.
2025-10-09 16:19:27,433 - CloudProcess - INFO - Cloud process finished its run successfully.
2025-10-09 16:19:27,434 - CloudProcess - INFO - Cloud process terminating.
